

============================== 01:20:24.812685 | 912039f4-24eb-4570-ba44-3d1b43ead808 ==============================
[0m01:20:24.812685 [info ] [MainThread]: Running with dbt=1.11.2
[0m01:20:24.816188 [debug] [MainThread]: running dbt with arguments {'profiles_dir': '/workspaces/dbt-analytics-incremental-dd/dbt-transform/dbt_project', 'warn_error_options': 'WarnErrorOptionsV2(error=[], warn=[], silence=[])', 'use_colors': 'True', 'target_path': 'None', 'partial_parse': 'True', 'static_parser': 'True', 'introspect': 'True', 'send_anonymous_usage_stats': 'False', 'invocation_command': 'dbt docs generate --project-dir /workspaces/dbt-analytics-incremental-dd/dbt-transform/dbt_project --profiles-dir /workspaces/dbt-analytics-incremental-dd/dbt-transform/dbt_project', 'version_check': 'True', 'empty': 'None', 'log_path': '/workspaces/dbt-analytics-incremental-dd/dbt-transform/dbt_project/logs', 'write_json': 'True', 'quiet': 'False', 'no_print': 'None', 'indirect_selection': 'eager', 'fail_fast': 'False', 'warn_error': 'None', 'cache_selected_only': 'False', 'printer_width': '80', 'log_format': 'default', 'log_cache_events': 'False', 'debug': 'False', 'use_experimental_parser': 'False'}
[0m01:20:25.148760 [info ] [MainThread]: Registered adapter: duckdb=1.10.0
[0m01:20:25.260734 [debug] [MainThread]: checksum: 3d40d8bbe1bef07db1c24822f2dbfff8bc07f2a48ed4fe2658a40653aec0b54b, vars: {}, profile: , target: , version: 1.11.2
[0m01:20:25.261591 [info ] [MainThread]: Unable to do partial parsing because saved manifest not found. Starting full parse.
[0m01:20:26.299386 [debug] [MainThread]: Generating schema name for node: stg_product - staging
[0m01:20:26.300151 [debug] [MainThread]: {'database': 'dev', 'schema': 'dbt_transform', 'path': '/workspaces/dbt-analytics-incremental-dd/dev.duckdb', 'config_options': None, 'extensions': None, 'settings': {}, 'external_root': '.', 'use_credential_provider': None, 'attach': None, 'filesystems': None, 'remote': None, 'plugins': None, 'disable_transactions': False, 'type': 'duckdb', 'threads': 4, 'name': 'dev', 'target_name': 'dev', 'profile_name': 'dbt-connection'}
[0m01:20:26.313106 [debug] [MainThread]: Generating schema name for node: stg_order_item - staging
[0m01:20:26.313669 [debug] [MainThread]: {'database': 'dev', 'schema': 'dbt_transform', 'path': '/workspaces/dbt-analytics-incremental-dd/dev.duckdb', 'config_options': None, 'extensions': None, 'settings': {}, 'external_root': '.', 'use_credential_provider': None, 'attach': None, 'filesystems': None, 'remote': None, 'plugins': None, 'disable_transactions': False, 'type': 'duckdb', 'threads': 4, 'name': 'dev', 'target_name': 'dev', 'profile_name': 'dbt-connection'}
[0m01:20:26.316862 [debug] [MainThread]: Generating schema name for node: stg_order - staging
[0m01:20:26.317393 [debug] [MainThread]: {'database': 'dev', 'schema': 'dbt_transform', 'path': '/workspaces/dbt-analytics-incremental-dd/dev.duckdb', 'config_options': None, 'extensions': None, 'settings': {}, 'external_root': '.', 'use_credential_provider': None, 'attach': None, 'filesystems': None, 'remote': None, 'plugins': None, 'disable_transactions': False, 'type': 'duckdb', 'threads': 4, 'name': 'dev', 'target_name': 'dev', 'profile_name': 'dbt-connection'}
[0m01:20:26.335362 [debug] [MainThread]: DEBUG: Received column = phone_number
[0m01:20:26.336016 [debug] [MainThread]: DEBUG: All positional args (varargs) = []
[0m01:20:26.336515 [debug] [MainThread]: DEBUG: All keyword args (kwargs) = {}
[0m01:20:26.403645 [debug] [MainThread]: Generating schema name for node: stg_customer - staging
[0m01:20:26.404285 [debug] [MainThread]: {'database': 'dev', 'schema': 'dbt_transform', 'path': '/workspaces/dbt-analytics-incremental-dd/dev.duckdb', 'config_options': None, 'extensions': None, 'settings': {}, 'external_root': '.', 'use_credential_provider': None, 'attach': None, 'filesystems': None, 'remote': None, 'plugins': None, 'disable_transactions': False, 'type': 'duckdb', 'threads': 4, 'name': 'dev', 'target_name': 'dev', 'profile_name': 'dbt-connection'}
[0m01:20:26.407156 [debug] [MainThread]: Generating schema name for node: my_second_dbt_model - None
[0m01:20:26.407697 [debug] [MainThread]: {'database': 'dev', 'schema': 'dbt_transform', 'path': '/workspaces/dbt-analytics-incremental-dd/dev.duckdb', 'config_options': None, 'extensions': None, 'settings': {}, 'external_root': '.', 'use_credential_provider': None, 'attach': None, 'filesystems': None, 'remote': None, 'plugins': None, 'disable_transactions': False, 'type': 'duckdb', 'threads': 4, 'name': 'dev', 'target_name': 'dev', 'profile_name': 'dbt-connection'}
[0m01:20:26.410460 [debug] [MainThread]: Generating schema name for node: my_first_dbt_model - None
[0m01:20:26.410958 [debug] [MainThread]: {'database': 'dev', 'schema': 'dbt_transform', 'path': '/workspaces/dbt-analytics-incremental-dd/dev.duckdb', 'config_options': None, 'extensions': None, 'settings': {}, 'external_root': '.', 'use_credential_provider': None, 'attach': None, 'filesystems': None, 'remote': None, 'plugins': None, 'disable_transactions': False, 'type': 'duckdb', 'threads': 4, 'name': 'dev', 'target_name': 'dev', 'profile_name': 'dbt-connection'}
[0m01:20:26.524298 [debug] [MainThread]: Generating schema name for node: phone_number_test - testing
[0m01:20:26.524937 [debug] [MainThread]: {'database': 'dev', 'schema': 'dbt_transform', 'path': '/workspaces/dbt-analytics-incremental-dd/dev.duckdb', 'config_options': None, 'extensions': None, 'settings': {}, 'external_root': '.', 'use_credential_provider': None, 'attach': None, 'filesystems': None, 'remote': None, 'plugins': None, 'disable_transactions': False, 'type': 'duckdb', 'threads': 4, 'name': 'dev', 'target_name': 'dev', 'profile_name': 'dbt-connection'}
[0m01:20:26.784058 [debug] [MainThread]: Generating schema name for node: not_null_stg_order_item_id - dbt_test__audit
[0m01:20:26.784803 [debug] [MainThread]: {'database': 'dev', 'schema': 'dbt_transform', 'path': '/workspaces/dbt-analytics-incremental-dd/dev.duckdb', 'config_options': None, 'extensions': None, 'settings': {}, 'external_root': '.', 'use_credential_provider': None, 'attach': None, 'filesystems': None, 'remote': None, 'plugins': None, 'disable_transactions': False, 'type': 'duckdb', 'threads': 4, 'name': 'dev', 'target_name': 'dev', 'profile_name': 'dbt-connection'}
[0m01:20:26.787209 [debug] [MainThread]: Generating schema name for node: not_null_stg_order_item_order_id - dbt_test__audit
[0m01:20:26.787757 [debug] [MainThread]: {'database': 'dev', 'schema': 'dbt_transform', 'path': '/workspaces/dbt-analytics-incremental-dd/dev.duckdb', 'config_options': None, 'extensions': None, 'settings': {}, 'external_root': '.', 'use_credential_provider': None, 'attach': None, 'filesystems': None, 'remote': None, 'plugins': None, 'disable_transactions': False, 'type': 'duckdb', 'threads': 4, 'name': 'dev', 'target_name': 'dev', 'profile_name': 'dbt-connection'}
[0m01:20:26.808003 [debug] [MainThread]: Generating schema name for node: relationships_stg_order_item_order_id__id__ref_stg_order_ - dbt_test__audit
[0m01:20:26.808899 [debug] [MainThread]: {'database': 'dev', 'schema': 'dbt_transform', 'path': '/workspaces/dbt-analytics-incremental-dd/dev.duckdb', 'config_options': None, 'extensions': None, 'settings': {}, 'external_root': '.', 'use_credential_provider': None, 'attach': None, 'filesystems': None, 'remote': None, 'plugins': None, 'disable_transactions': False, 'type': 'duckdb', 'threads': 4, 'name': 'dev', 'target_name': 'dev', 'profile_name': 'dbt-connection'}
[0m01:20:26.812306 [debug] [MainThread]: Generating schema name for node: not_null_stg_order_item_product_id - dbt_test__audit
[0m01:20:26.813052 [debug] [MainThread]: {'database': 'dev', 'schema': 'dbt_transform', 'path': '/workspaces/dbt-analytics-incremental-dd/dev.duckdb', 'config_options': None, 'extensions': None, 'settings': {}, 'external_root': '.', 'use_credential_provider': None, 'attach': None, 'filesystems': None, 'remote': None, 'plugins': None, 'disable_transactions': False, 'type': 'duckdb', 'threads': 4, 'name': 'dev', 'target_name': 'dev', 'profile_name': 'dbt-connection'}
[0m01:20:26.819539 [debug] [MainThread]: Generating schema name for node: relationships_stg_order_item_product_id__id__ref_stg_product_ - dbt_test__audit
[0m01:20:26.820096 [debug] [MainThread]: {'database': 'dev', 'schema': 'dbt_transform', 'path': '/workspaces/dbt-analytics-incremental-dd/dev.duckdb', 'config_options': None, 'extensions': None, 'settings': {}, 'external_root': '.', 'use_credential_provider': None, 'attach': None, 'filesystems': None, 'remote': None, 'plugins': None, 'disable_transactions': False, 'type': 'duckdb', 'threads': 4, 'name': 'dev', 'target_name': 'dev', 'profile_name': 'dbt-connection'}
[0m01:20:26.822167 [debug] [MainThread]: Generating schema name for node: not_null_stg_order_item_quantity - dbt_test__audit
[0m01:20:26.822682 [debug] [MainThread]: {'database': 'dev', 'schema': 'dbt_transform', 'path': '/workspaces/dbt-analytics-incremental-dd/dev.duckdb', 'config_options': None, 'extensions': None, 'settings': {}, 'external_root': '.', 'use_credential_provider': None, 'attach': None, 'filesystems': None, 'remote': None, 'plugins': None, 'disable_transactions': False, 'type': 'duckdb', 'threads': 4, 'name': 'dev', 'target_name': 'dev', 'profile_name': 'dbt-connection'}
[0m01:20:26.828999 [debug] [MainThread]: DEBUG: Received column = quantity
[0m01:20:26.829505 [debug] [MainThread]: DEBUG: All positional args (varargs) = []
[0m01:20:26.829967 [debug] [MainThread]: DEBUG: All keyword args (kwargs) = {'save_failures': True}
[0m01:20:26.831089 [debug] [MainThread]: Generating schema name for node: check_negative_value_stg_order_item_quantity__True - testing
[0m01:20:26.831604 [debug] [MainThread]: {'database': 'dev', 'schema': 'dbt_transform', 'path': '/workspaces/dbt-analytics-incremental-dd/dev.duckdb', 'config_options': None, 'extensions': None, 'settings': {}, 'external_root': '.', 'use_credential_provider': None, 'attach': None, 'filesystems': None, 'remote': None, 'plugins': None, 'disable_transactions': False, 'type': 'duckdb', 'threads': 4, 'name': 'dev', 'target_name': 'dev', 'profile_name': 'dbt-connection'}
[0m01:20:26.833623 [debug] [MainThread]: Generating schema name for node: not_null_stg_order_item_price - dbt_test__audit
[0m01:20:26.834118 [debug] [MainThread]: {'database': 'dev', 'schema': 'dbt_transform', 'path': '/workspaces/dbt-analytics-incremental-dd/dev.duckdb', 'config_options': None, 'extensions': None, 'settings': {}, 'external_root': '.', 'use_credential_provider': None, 'attach': None, 'filesystems': None, 'remote': None, 'plugins': None, 'disable_transactions': False, 'type': 'duckdb', 'threads': 4, 'name': 'dev', 'target_name': 'dev', 'profile_name': 'dbt-connection'}
[0m01:20:26.838013 [debug] [MainThread]: DEBUG: Received column = price
[0m01:20:26.838518 [debug] [MainThread]: DEBUG: All positional args (varargs) = []
[0m01:20:26.838980 [debug] [MainThread]: DEBUG: All keyword args (kwargs) = {'save_failures': True}
[0m01:20:26.840049 [debug] [MainThread]: Generating schema name for node: check_negative_value_stg_order_item_price__True - testing
[0m01:20:26.840571 [debug] [MainThread]: {'database': 'dev', 'schema': 'dbt_transform', 'path': '/workspaces/dbt-analytics-incremental-dd/dev.duckdb', 'config_options': None, 'extensions': None, 'settings': {}, 'external_root': '.', 'use_credential_provider': None, 'attach': None, 'filesystems': None, 'remote': None, 'plugins': None, 'disable_transactions': False, 'type': 'duckdb', 'threads': 4, 'name': 'dev', 'target_name': 'dev', 'profile_name': 'dbt-connection'}
[0m01:20:26.845547 [debug] [MainThread]: Generating schema name for node: not_null_stg_customer_id - dbt_test__audit
[0m01:20:26.846060 [debug] [MainThread]: {'database': 'dev', 'schema': 'dbt_transform', 'path': '/workspaces/dbt-analytics-incremental-dd/dev.duckdb', 'config_options': None, 'extensions': None, 'settings': {}, 'external_root': '.', 'use_credential_provider': None, 'attach': None, 'filesystems': None, 'remote': None, 'plugins': None, 'disable_transactions': False, 'type': 'duckdb', 'threads': 4, 'name': 'dev', 'target_name': 'dev', 'profile_name': 'dbt-connection'}
[0m01:20:26.848099 [debug] [MainThread]: Generating schema name for node: unique_stg_customer_id - dbt_test__audit
[0m01:20:26.848615 [debug] [MainThread]: {'database': 'dev', 'schema': 'dbt_transform', 'path': '/workspaces/dbt-analytics-incremental-dd/dev.duckdb', 'config_options': None, 'extensions': None, 'settings': {}, 'external_root': '.', 'use_credential_provider': None, 'attach': None, 'filesystems': None, 'remote': None, 'plugins': None, 'disable_transactions': False, 'type': 'duckdb', 'threads': 4, 'name': 'dev', 'target_name': 'dev', 'profile_name': 'dbt-connection'}
[0m01:20:26.850581 [debug] [MainThread]: Generating schema name for node: not_null_stg_customer_first_name - dbt_test__audit
[0m01:20:26.851091 [debug] [MainThread]: {'database': 'dev', 'schema': 'dbt_transform', 'path': '/workspaces/dbt-analytics-incremental-dd/dev.duckdb', 'config_options': None, 'extensions': None, 'settings': {}, 'external_root': '.', 'use_credential_provider': None, 'attach': None, 'filesystems': None, 'remote': None, 'plugins': None, 'disable_transactions': False, 'type': 'duckdb', 'threads': 4, 'name': 'dev', 'target_name': 'dev', 'profile_name': 'dbt-connection'}
[0m01:20:26.853273 [debug] [MainThread]: Generating schema name for node: not_null_stg_customer_last_name - dbt_test__audit
[0m01:20:26.853772 [debug] [MainThread]: {'database': 'dev', 'schema': 'dbt_transform', 'path': '/workspaces/dbt-analytics-incremental-dd/dev.duckdb', 'config_options': None, 'extensions': None, 'settings': {}, 'external_root': '.', 'use_credential_provider': None, 'attach': None, 'filesystems': None, 'remote': None, 'plugins': None, 'disable_transactions': False, 'type': 'duckdb', 'threads': 4, 'name': 'dev', 'target_name': 'dev', 'profile_name': 'dbt-connection'}
[0m01:20:26.855752 [debug] [MainThread]: Generating schema name for node: not_null_stg_customer_email - dbt_test__audit
[0m01:20:26.856266 [debug] [MainThread]: {'database': 'dev', 'schema': 'dbt_transform', 'path': '/workspaces/dbt-analytics-incremental-dd/dev.duckdb', 'config_options': None, 'extensions': None, 'settings': {}, 'external_root': '.', 'use_credential_provider': None, 'attach': None, 'filesystems': None, 'remote': None, 'plugins': None, 'disable_transactions': False, 'type': 'duckdb', 'threads': 4, 'name': 'dev', 'target_name': 'dev', 'profile_name': 'dbt-connection'}
[0m01:20:26.858247 [debug] [MainThread]: Generating schema name for node: unique_stg_customer_email - dbt_test__audit
[0m01:20:26.858748 [debug] [MainThread]: {'database': 'dev', 'schema': 'dbt_transform', 'path': '/workspaces/dbt-analytics-incremental-dd/dev.duckdb', 'config_options': None, 'extensions': None, 'settings': {}, 'external_root': '.', 'use_credential_provider': None, 'attach': None, 'filesystems': None, 'remote': None, 'plugins': None, 'disable_transactions': False, 'type': 'duckdb', 'threads': 4, 'name': 'dev', 'target_name': 'dev', 'profile_name': 'dbt-connection'}
[0m01:20:26.864416 [debug] [MainThread]: Running email validation test on "dev"."dbt_transform"."email_validation_stg_customer_email".email
[0m01:20:26.865534 [debug] [MainThread]: Generating schema name for node: email_validation_stg_customer_email - testing
[0m01:20:26.866034 [debug] [MainThread]: {'database': 'dev', 'schema': 'dbt_transform', 'path': '/workspaces/dbt-analytics-incremental-dd/dev.duckdb', 'config_options': None, 'extensions': None, 'settings': {}, 'external_root': '.', 'use_credential_provider': None, 'attach': None, 'filesystems': None, 'remote': None, 'plugins': None, 'disable_transactions': False, 'type': 'duckdb', 'threads': 4, 'name': 'dev', 'target_name': 'dev', 'profile_name': 'dbt-connection'}
[0m01:20:26.868118 [debug] [MainThread]: Generating schema name for node: not_null_stg_customer_created_at - dbt_test__audit
[0m01:20:26.868653 [debug] [MainThread]: {'database': 'dev', 'schema': 'dbt_transform', 'path': '/workspaces/dbt-analytics-incremental-dd/dev.duckdb', 'config_options': None, 'extensions': None, 'settings': {}, 'external_root': '.', 'use_credential_provider': None, 'attach': None, 'filesystems': None, 'remote': None, 'plugins': None, 'disable_transactions': False, 'type': 'duckdb', 'threads': 4, 'name': 'dev', 'target_name': 'dev', 'profile_name': 'dbt-connection'}
[0m01:20:26.870659 [debug] [MainThread]: Generating schema name for node: not_null_stg_customer_phone_number - dbt_test__audit
[0m01:20:26.871155 [debug] [MainThread]: {'database': 'dev', 'schema': 'dbt_transform', 'path': '/workspaces/dbt-analytics-incremental-dd/dev.duckdb', 'config_options': None, 'extensions': None, 'settings': {}, 'external_root': '.', 'use_credential_provider': None, 'attach': None, 'filesystems': None, 'remote': None, 'plugins': None, 'disable_transactions': False, 'type': 'duckdb', 'threads': 4, 'name': 'dev', 'target_name': 'dev', 'profile_name': 'dbt-connection'}
[0m01:20:26.875384 [debug] [MainThread]: Generating schema name for node: not_null_stg_product_id - dbt_test__audit
[0m01:20:26.875888 [debug] [MainThread]: {'database': 'dev', 'schema': 'dbt_transform', 'path': '/workspaces/dbt-analytics-incremental-dd/dev.duckdb', 'config_options': None, 'extensions': None, 'settings': {}, 'external_root': '.', 'use_credential_provider': None, 'attach': None, 'filesystems': None, 'remote': None, 'plugins': None, 'disable_transactions': False, 'type': 'duckdb', 'threads': 4, 'name': 'dev', 'target_name': 'dev', 'profile_name': 'dbt-connection'}
[0m01:20:26.878065 [debug] [MainThread]: Generating schema name for node: unique_stg_product_id - dbt_test__audit
[0m01:20:26.878587 [debug] [MainThread]: {'database': 'dev', 'schema': 'dbt_transform', 'path': '/workspaces/dbt-analytics-incremental-dd/dev.duckdb', 'config_options': None, 'extensions': None, 'settings': {}, 'external_root': '.', 'use_credential_provider': None, 'attach': None, 'filesystems': None, 'remote': None, 'plugins': None, 'disable_transactions': False, 'type': 'duckdb', 'threads': 4, 'name': 'dev', 'target_name': 'dev', 'profile_name': 'dbt-connection'}
[0m01:20:26.880553 [debug] [MainThread]: Generating schema name for node: not_null_stg_product_product_name - dbt_test__audit
[0m01:20:26.881049 [debug] [MainThread]: {'database': 'dev', 'schema': 'dbt_transform', 'path': '/workspaces/dbt-analytics-incremental-dd/dev.duckdb', 'config_options': None, 'extensions': None, 'settings': {}, 'external_root': '.', 'use_credential_provider': None, 'attach': None, 'filesystems': None, 'remote': None, 'plugins': None, 'disable_transactions': False, 'type': 'duckdb', 'threads': 4, 'name': 'dev', 'target_name': 'dev', 'profile_name': 'dbt-connection'}
[0m01:20:26.882991 [debug] [MainThread]: Generating schema name for node: not_null_stg_product_category - dbt_test__audit
[0m01:20:26.883502 [debug] [MainThread]: {'database': 'dev', 'schema': 'dbt_transform', 'path': '/workspaces/dbt-analytics-incremental-dd/dev.duckdb', 'config_options': None, 'extensions': None, 'settings': {}, 'external_root': '.', 'use_credential_provider': None, 'attach': None, 'filesystems': None, 'remote': None, 'plugins': None, 'disable_transactions': False, 'type': 'duckdb', 'threads': 4, 'name': 'dev', 'target_name': 'dev', 'profile_name': 'dbt-connection'}
[0m01:20:26.885461 [debug] [MainThread]: Generating schema name for node: not_null_stg_product_price - dbt_test__audit
[0m01:20:26.885957 [debug] [MainThread]: {'database': 'dev', 'schema': 'dbt_transform', 'path': '/workspaces/dbt-analytics-incremental-dd/dev.duckdb', 'config_options': None, 'extensions': None, 'settings': {}, 'external_root': '.', 'use_credential_provider': None, 'attach': None, 'filesystems': None, 'remote': None, 'plugins': None, 'disable_transactions': False, 'type': 'duckdb', 'threads': 4, 'name': 'dev', 'target_name': 'dev', 'profile_name': 'dbt-connection'}
[0m01:20:26.891156 [debug] [MainThread]: DEBUG: Received column = price
[0m01:20:26.891678 [debug] [MainThread]: DEBUG: All positional args (varargs) = []
[0m01:20:26.892158 [debug] [MainThread]: DEBUG: All keyword args (kwargs) = {'save_failures': True}
[0m01:20:26.893273 [debug] [MainThread]: Generating schema name for node: check_negative_value_stg_product_price__True - testing
[0m01:20:26.893771 [debug] [MainThread]: {'database': 'dev', 'schema': 'dbt_transform', 'path': '/workspaces/dbt-analytics-incremental-dd/dev.duckdb', 'config_options': None, 'extensions': None, 'settings': {}, 'external_root': '.', 'use_credential_provider': None, 'attach': None, 'filesystems': None, 'remote': None, 'plugins': None, 'disable_transactions': False, 'type': 'duckdb', 'threads': 4, 'name': 'dev', 'target_name': 'dev', 'profile_name': 'dbt-connection'}
[0m01:20:26.896029 [debug] [MainThread]: Generating schema name for node: not_null_stg_product_stock_quantity - dbt_test__audit
[0m01:20:26.896538 [debug] [MainThread]: {'database': 'dev', 'schema': 'dbt_transform', 'path': '/workspaces/dbt-analytics-incremental-dd/dev.duckdb', 'config_options': None, 'extensions': None, 'settings': {}, 'external_root': '.', 'use_credential_provider': None, 'attach': None, 'filesystems': None, 'remote': None, 'plugins': None, 'disable_transactions': False, 'type': 'duckdb', 'threads': 4, 'name': 'dev', 'target_name': 'dev', 'profile_name': 'dbt-connection'}
[0m01:20:26.900289 [debug] [MainThread]: DEBUG: Received column = stock_quantity
[0m01:20:26.900767 [debug] [MainThread]: DEBUG: All positional args (varargs) = []
[0m01:20:26.901255 [debug] [MainThread]: DEBUG: All keyword args (kwargs) = {'save_failures': True}
[0m01:20:26.902309 [debug] [MainThread]: Generating schema name for node: check_negative_value_stg_product_stock_quantity__True - testing
[0m01:20:26.902797 [debug] [MainThread]: {'database': 'dev', 'schema': 'dbt_transform', 'path': '/workspaces/dbt-analytics-incremental-dd/dev.duckdb', 'config_options': None, 'extensions': None, 'settings': {}, 'external_root': '.', 'use_credential_provider': None, 'attach': None, 'filesystems': None, 'remote': None, 'plugins': None, 'disable_transactions': False, 'type': 'duckdb', 'threads': 4, 'name': 'dev', 'target_name': 'dev', 'profile_name': 'dbt-connection'}
[0m01:20:26.907533 [debug] [MainThread]: Generating schema name for node: not_null_stg_order_id - dbt_test__audit
[0m01:20:26.908043 [debug] [MainThread]: {'database': 'dev', 'schema': 'dbt_transform', 'path': '/workspaces/dbt-analytics-incremental-dd/dev.duckdb', 'config_options': None, 'extensions': None, 'settings': {}, 'external_root': '.', 'use_credential_provider': None, 'attach': None, 'filesystems': None, 'remote': None, 'plugins': None, 'disable_transactions': False, 'type': 'duckdb', 'threads': 4, 'name': 'dev', 'target_name': 'dev', 'profile_name': 'dbt-connection'}
[0m01:20:26.910055 [debug] [MainThread]: Generating schema name for node: not_null_stg_order_customer_id - dbt_test__audit
[0m01:20:26.910575 [debug] [MainThread]: {'database': 'dev', 'schema': 'dbt_transform', 'path': '/workspaces/dbt-analytics-incremental-dd/dev.duckdb', 'config_options': None, 'extensions': None, 'settings': {}, 'external_root': '.', 'use_credential_provider': None, 'attach': None, 'filesystems': None, 'remote': None, 'plugins': None, 'disable_transactions': False, 'type': 'duckdb', 'threads': 4, 'name': 'dev', 'target_name': 'dev', 'profile_name': 'dbt-connection'}
[0m01:20:26.915584 [debug] [MainThread]: Generating schema name for node: relationships_stg_order_customer_id__id__ref_stg_customer_ - dbt_test__audit
[0m01:20:26.916099 [debug] [MainThread]: {'database': 'dev', 'schema': 'dbt_transform', 'path': '/workspaces/dbt-analytics-incremental-dd/dev.duckdb', 'config_options': None, 'extensions': None, 'settings': {}, 'external_root': '.', 'use_credential_provider': None, 'attach': None, 'filesystems': None, 'remote': None, 'plugins': None, 'disable_transactions': False, 'type': 'duckdb', 'threads': 4, 'name': 'dev', 'target_name': 'dev', 'profile_name': 'dbt-connection'}
[0m01:20:26.918113 [debug] [MainThread]: Generating schema name for node: not_null_stg_order_order_date - dbt_test__audit
[0m01:20:26.918653 [debug] [MainThread]: {'database': 'dev', 'schema': 'dbt_transform', 'path': '/workspaces/dbt-analytics-incremental-dd/dev.duckdb', 'config_options': None, 'extensions': None, 'settings': {}, 'external_root': '.', 'use_credential_provider': None, 'attach': None, 'filesystems': None, 'remote': None, 'plugins': None, 'disable_transactions': False, 'type': 'duckdb', 'threads': 4, 'name': 'dev', 'target_name': 'dev', 'profile_name': 'dbt-connection'}
[0m01:20:26.920625 [debug] [MainThread]: Generating schema name for node: not_null_stg_order_amount - dbt_test__audit
[0m01:20:26.921122 [debug] [MainThread]: {'database': 'dev', 'schema': 'dbt_transform', 'path': '/workspaces/dbt-analytics-incremental-dd/dev.duckdb', 'config_options': None, 'extensions': None, 'settings': {}, 'external_root': '.', 'use_credential_provider': None, 'attach': None, 'filesystems': None, 'remote': None, 'plugins': None, 'disable_transactions': False, 'type': 'duckdb', 'threads': 4, 'name': 'dev', 'target_name': 'dev', 'profile_name': 'dbt-connection'}
[0m01:20:26.924777 [debug] [MainThread]: DEBUG: Received column = amount
[0m01:20:26.925266 [debug] [MainThread]: DEBUG: All positional args (varargs) = []
[0m01:20:26.925715 [debug] [MainThread]: DEBUG: All keyword args (kwargs) = {}
[0m01:20:26.926751 [debug] [MainThread]: Generating schema name for node: check_negative_value_stg_order_amount - dbt_test__audit
[0m01:20:26.927257 [debug] [MainThread]: {'database': 'dev', 'schema': 'dbt_transform', 'path': '/workspaces/dbt-analytics-incremental-dd/dev.duckdb', 'config_options': None, 'extensions': None, 'settings': {}, 'external_root': '.', 'use_credential_provider': None, 'attach': None, 'filesystems': None, 'remote': None, 'plugins': None, 'disable_transactions': False, 'type': 'duckdb', 'threads': 4, 'name': 'dev', 'target_name': 'dev', 'profile_name': 'dbt-connection'}
[0m01:20:26.929261 [debug] [MainThread]: Generating schema name for node: not_null_stg_order_delivery_status - dbt_test__audit
[0m01:20:26.929746 [debug] [MainThread]: {'database': 'dev', 'schema': 'dbt_transform', 'path': '/workspaces/dbt-analytics-incremental-dd/dev.duckdb', 'config_options': None, 'extensions': None, 'settings': {}, 'external_root': '.', 'use_credential_provider': None, 'attach': None, 'filesystems': None, 'remote': None, 'plugins': None, 'disable_transactions': False, 'type': 'duckdb', 'threads': 4, 'name': 'dev', 'target_name': 'dev', 'profile_name': 'dbt-connection'}
[0m01:20:26.939309 [debug] [MainThread]: Generating schema name for node: accepted_values_stg_order_delivery_status__pending__shipped__delivered__canceled - dbt_test__audit
[0m01:20:26.939848 [debug] [MainThread]: {'database': 'dev', 'schema': 'dbt_transform', 'path': '/workspaces/dbt-analytics-incremental-dd/dev.duckdb', 'config_options': None, 'extensions': None, 'settings': {}, 'external_root': '.', 'use_credential_provider': None, 'attach': None, 'filesystems': None, 'remote': None, 'plugins': None, 'disable_transactions': False, 'type': 'duckdb', 'threads': 4, 'name': 'dev', 'target_name': 'dev', 'profile_name': 'dbt-connection'}
[0m01:20:26.943472 [debug] [MainThread]: Generating schema name for node: unique_my_first_dbt_model_id - dbt_test__audit
[0m01:20:26.944203 [debug] [MainThread]: {'database': 'dev', 'schema': 'dbt_transform', 'path': '/workspaces/dbt-analytics-incremental-dd/dev.duckdb', 'config_options': None, 'extensions': None, 'settings': {}, 'external_root': '.', 'use_credential_provider': None, 'attach': None, 'filesystems': None, 'remote': None, 'plugins': None, 'disable_transactions': False, 'type': 'duckdb', 'threads': 4, 'name': 'dev', 'target_name': 'dev', 'profile_name': 'dbt-connection'}
[0m01:20:26.946254 [debug] [MainThread]: Generating schema name for node: not_null_my_first_dbt_model_id - dbt_test__audit
[0m01:20:26.946750 [debug] [MainThread]: {'database': 'dev', 'schema': 'dbt_transform', 'path': '/workspaces/dbt-analytics-incremental-dd/dev.duckdb', 'config_options': None, 'extensions': None, 'settings': {}, 'external_root': '.', 'use_credential_provider': None, 'attach': None, 'filesystems': None, 'remote': None, 'plugins': None, 'disable_transactions': False, 'type': 'duckdb', 'threads': 4, 'name': 'dev', 'target_name': 'dev', 'profile_name': 'dbt-connection'}
[0m01:20:26.948731 [debug] [MainThread]: Generating schema name for node: unique_my_second_dbt_model_id - dbt_test__audit
[0m01:20:26.949247 [debug] [MainThread]: {'database': 'dev', 'schema': 'dbt_transform', 'path': '/workspaces/dbt-analytics-incremental-dd/dev.duckdb', 'config_options': None, 'extensions': None, 'settings': {}, 'external_root': '.', 'use_credential_provider': None, 'attach': None, 'filesystems': None, 'remote': None, 'plugins': None, 'disable_transactions': False, 'type': 'duckdb', 'threads': 4, 'name': 'dev', 'target_name': 'dev', 'profile_name': 'dbt-connection'}
[0m01:20:26.951427 [debug] [MainThread]: Generating schema name for node: not_null_my_second_dbt_model_id - dbt_test__audit
[0m01:20:26.951966 [debug] [MainThread]: {'database': 'dev', 'schema': 'dbt_transform', 'path': '/workspaces/dbt-analytics-incremental-dd/dev.duckdb', 'config_options': None, 'extensions': None, 'settings': {}, 'external_root': '.', 'use_credential_provider': None, 'attach': None, 'filesystems': None, 'remote': None, 'plugins': None, 'disable_transactions': False, 'type': 'duckdb', 'threads': 4, 'name': 'dev', 'target_name': 'dev', 'profile_name': 'dbt-connection'}
[0m01:20:27.087017 [info ] [MainThread]: Found 6 models, 39 data tests, 4 sources, 475 macros
[0m01:20:27.090318 [info ] [MainThread]: 
[0m01:20:27.090865 [info ] [MainThread]: Concurrency: 4 threads (target='dev')
[0m01:20:27.091362 [info ] [MainThread]: 
[0m01:20:27.092031 [debug] [MainThread]: Acquiring new duckdb connection 'master'
[0m01:20:27.099069 [debug] [ThreadPool]: Acquiring new duckdb connection 'list_dev_testing'
[0m01:20:27.100187 [debug] [ThreadPool]: Acquiring new duckdb connection 'list_dev_dbt_transform'
[0m01:20:27.114248 [debug] [ThreadPool]: Acquiring new duckdb connection 'list_dev_staging'
[0m01:20:27.142576 [debug] [ThreadPool]: Using duckdb connection "list_dev_testing"
[0m01:20:27.143205 [debug] [ThreadPool]: Using duckdb connection "list_dev_dbt_transform"
[0m01:20:27.143702 [debug] [ThreadPool]: Using duckdb connection "list_dev_staging"
[0m01:20:27.144118 [debug] [ThreadPool]: On list_dev_testing: BEGIN
[0m01:20:27.144649 [debug] [ThreadPool]: On list_dev_dbt_transform: BEGIN
[0m01:20:27.145124 [debug] [ThreadPool]: On list_dev_staging: BEGIN
[0m01:20:27.145631 [debug] [ThreadPool]: Opening a new connection, currently in state init
[0m01:20:27.146107 [debug] [ThreadPool]: Opening a new connection, currently in state init
[0m01:20:27.146598 [debug] [ThreadPool]: Opening a new connection, currently in state init
[0m01:20:27.159041 [debug] [ThreadPool]: SQL status: OK in 0.013 seconds
[0m01:20:27.159589 [debug] [ThreadPool]: SQL status: OK in 0.013 seconds
[0m01:20:27.160116 [debug] [ThreadPool]: SQL status: OK in 0.014 seconds
[0m01:20:27.160589 [debug] [ThreadPool]: Using duckdb connection "list_dev_testing"
[0m01:20:27.161084 [debug] [ThreadPool]: Using duckdb connection "list_dev_dbt_transform"
[0m01:20:27.161599 [debug] [ThreadPool]: Using duckdb connection "list_dev_staging"
[0m01:20:27.162110 [debug] [ThreadPool]: On list_dev_testing: /* {"app": "dbt", "dbt_version": "1.11.2", "profile_name": "dbt-connection", "target_name": "dev", "connection_name": "list_dev_testing"} */
select
      'dev' as database,
      table_name as name,
      table_schema as schema,
      CASE table_type
        WHEN 'BASE TABLE' THEN 'table'
        WHEN 'VIEW' THEN 'view'
        WHEN 'LOCAL TEMPORARY' THEN 'table'
        END as type
    from system.information_schema.tables
    where lower(table_schema) = 'testing'
    and lower(table_catalog) = 'dev'
  
[0m01:20:27.162672 [debug] [ThreadPool]: On list_dev_dbt_transform: /* {"app": "dbt", "dbt_version": "1.11.2", "profile_name": "dbt-connection", "target_name": "dev", "connection_name": "list_dev_dbt_transform"} */
select
      'dev' as database,
      table_name as name,
      table_schema as schema,
      CASE table_type
        WHEN 'BASE TABLE' THEN 'table'
        WHEN 'VIEW' THEN 'view'
        WHEN 'LOCAL TEMPORARY' THEN 'table'
        END as type
    from system.information_schema.tables
    where lower(table_schema) = 'dbt_transform'
    and lower(table_catalog) = 'dev'
  
[0m01:20:27.163189 [debug] [ThreadPool]: On list_dev_staging: /* {"app": "dbt", "dbt_version": "1.11.2", "profile_name": "dbt-connection", "target_name": "dev", "connection_name": "list_dev_staging"} */
select
      'dev' as database,
      table_name as name,
      table_schema as schema,
      CASE table_type
        WHEN 'BASE TABLE' THEN 'table'
        WHEN 'VIEW' THEN 'view'
        WHEN 'LOCAL TEMPORARY' THEN 'table'
        END as type
    from system.information_schema.tables
    where lower(table_schema) = 'staging'
    and lower(table_catalog) = 'dev'
  
[0m01:20:27.175856 [debug] [ThreadPool]: SQL status: OK in 0.012 seconds
[0m01:20:27.176784 [debug] [ThreadPool]: SQL status: OK in 0.013 seconds
[0m01:20:27.179402 [debug] [ThreadPool]: On list_dev_testing: ROLLBACK
[0m01:20:27.180052 [debug] [ThreadPool]: SQL status: OK in 0.016 seconds
[0m01:20:27.181327 [debug] [ThreadPool]: On list_dev_dbt_transform: ROLLBACK
[0m01:20:27.183311 [debug] [ThreadPool]: Failed to rollback 'list_dev_testing'
[0m01:20:27.184883 [debug] [ThreadPool]: On list_dev_staging: ROLLBACK
[0m01:20:27.185923 [debug] [ThreadPool]: Failed to rollback 'list_dev_dbt_transform'
[0m01:20:27.186469 [debug] [ThreadPool]: On list_dev_testing: Close
[0m01:20:27.187533 [debug] [ThreadPool]: Failed to rollback 'list_dev_staging'
[0m01:20:27.188027 [debug] [ThreadPool]: On list_dev_dbt_transform: Close
[0m01:20:27.188813 [debug] [ThreadPool]: On list_dev_staging: Close
[0m01:20:27.192140 [debug] [Thread-1 (]: Began running node model.dbt_project.my_first_dbt_model
[0m01:20:27.192753 [debug] [Thread-2 (]: Began running node model.dbt_project.stg_customer
[0m01:20:27.193283 [debug] [Thread-3 (]: Began running node model.dbt_project.stg_order
[0m01:20:27.193805 [debug] [Thread-1 (]: Re-using an available connection from the pool (formerly list_dev_staging, now model.dbt_project.my_first_dbt_model)
[0m01:20:27.194394 [debug] [Thread-4 (]: Began running node model.dbt_project.stg_order_item
[0m01:20:27.194913 [debug] [Thread-2 (]: Re-using an available connection from the pool (formerly list_dev_dbt_transform, now model.dbt_project.stg_customer)
[0m01:20:27.195514 [debug] [Thread-3 (]: Re-using an available connection from the pool (formerly list_dev_testing, now model.dbt_project.stg_order)
[0m01:20:27.196050 [debug] [Thread-1 (]: Began compiling node model.dbt_project.my_first_dbt_model
[0m01:20:27.196715 [debug] [Thread-4 (]: Acquiring new duckdb connection 'model.dbt_project.stg_order_item'
[0m01:20:27.197269 [debug] [Thread-2 (]: Began compiling node model.dbt_project.stg_customer
[0m01:20:27.197807 [debug] [Thread-3 (]: Began compiling node model.dbt_project.stg_order
[0m01:20:27.208998 [debug] [Thread-4 (]: Began compiling node model.dbt_project.stg_order_item
[0m01:20:27.209676 [debug] [Thread-1 (]: Writing injected SQL for node "model.dbt_project.my_first_dbt_model"
[0m01:20:27.213600 [debug] [Thread-2 (]: DEBUG: Received column = phone_number
[0m01:20:27.216953 [debug] [Thread-3 (]: Writing injected SQL for node "model.dbt_project.stg_order"
[0m01:20:27.220263 [debug] [Thread-4 (]: Writing injected SQL for node "model.dbt_project.stg_order_item"
[0m01:20:27.221014 [debug] [Thread-2 (]: DEBUG: All positional args (varargs) = []
[0m01:20:27.221730 [debug] [Thread-1 (]: Began executing node model.dbt_project.my_first_dbt_model
[0m01:20:27.222555 [debug] [Thread-2 (]: DEBUG: All keyword args (kwargs) = {}
[0m01:20:27.223213 [debug] [Thread-4 (]: Began executing node model.dbt_project.stg_order_item
[0m01:20:27.224046 [debug] [Thread-1 (]: Finished running node model.dbt_project.my_first_dbt_model
[0m01:20:27.224547 [debug] [Thread-3 (]: Began executing node model.dbt_project.stg_order
[0m01:20:27.225327 [debug] [Thread-2 (]: Writing injected SQL for node "model.dbt_project.stg_customer"
[0m01:20:27.226181 [debug] [Thread-4 (]: Finished running node model.dbt_project.stg_order_item
[0m01:20:27.226785 [debug] [Thread-1 (]: Began running node model.dbt_project.stg_product
[0m01:20:27.227725 [debug] [Thread-3 (]: Finished running node model.dbt_project.stg_order
[0m01:20:27.228594 [debug] [Thread-4 (]: Began running node model.dbt_project.my_second_dbt_model
[0m01:20:27.229073 [debug] [Thread-2 (]: Began executing node model.dbt_project.stg_customer
[0m01:20:27.229923 [debug] [Thread-1 (]: Re-using an available connection from the pool (formerly model.dbt_project.my_first_dbt_model, now model.dbt_project.stg_product)
[0m01:20:27.230649 [debug] [Thread-3 (]: Began running node test.dbt_project.not_null_my_first_dbt_model_id.5fb22c2710
[0m01:20:27.231357 [debug] [Thread-4 (]: Re-using an available connection from the pool (formerly model.dbt_project.stg_order_item, now model.dbt_project.my_second_dbt_model)
[0m01:20:27.232429 [debug] [Thread-2 (]: Finished running node model.dbt_project.stg_customer
[0m01:20:27.233097 [debug] [Thread-1 (]: Began compiling node model.dbt_project.stg_product
[0m01:20:27.233984 [debug] [Thread-3 (]: Re-using an available connection from the pool (formerly model.dbt_project.stg_order, now test.dbt_project.not_null_my_first_dbt_model_id.5fb22c2710)
[0m01:20:27.234696 [debug] [Thread-4 (]: Began compiling node model.dbt_project.my_second_dbt_model
[0m01:20:27.235310 [debug] [Thread-2 (]: Began running node test.dbt_project.unique_my_first_dbt_model_id.16e066b321
[0m01:20:27.239335 [debug] [Thread-1 (]: Writing injected SQL for node "model.dbt_project.stg_product"
[0m01:20:27.239938 [debug] [Thread-3 (]: Began compiling node test.dbt_project.not_null_my_first_dbt_model_id.5fb22c2710
[0m01:20:27.242690 [debug] [Thread-4 (]: Writing injected SQL for node "model.dbt_project.my_second_dbt_model"
[0m01:20:27.243322 [debug] [Thread-2 (]: Re-using an available connection from the pool (formerly model.dbt_project.stg_customer, now test.dbt_project.unique_my_first_dbt_model_id.16e066b321)
[0m01:20:27.252149 [debug] [Thread-3 (]: Writing injected SQL for node "test.dbt_project.not_null_my_first_dbt_model_id.5fb22c2710"
[0m01:20:27.252827 [debug] [Thread-1 (]: Began executing node model.dbt_project.stg_product
[0m01:20:27.253563 [debug] [Thread-2 (]: Began compiling node test.dbt_project.unique_my_first_dbt_model_id.16e066b321
[0m01:20:27.254196 [debug] [Thread-4 (]: Began executing node model.dbt_project.my_second_dbt_model
[0m01:20:27.255211 [debug] [Thread-1 (]: Finished running node model.dbt_project.stg_product
[0m01:20:27.255849 [debug] [Thread-3 (]: Began executing node test.dbt_project.not_null_my_first_dbt_model_id.5fb22c2710
[0m01:20:27.263698 [debug] [Thread-2 (]: Writing injected SQL for node "test.dbt_project.unique_my_first_dbt_model_id.16e066b321"
[0m01:20:27.264658 [debug] [Thread-4 (]: Finished running node model.dbt_project.my_second_dbt_model
[0m01:20:27.265280 [debug] [Thread-1 (]: Began running node test.dbt_project.check_negative_value_stg_order_item_price__True.1a65415612
[0m01:20:27.266244 [debug] [Thread-3 (]: Finished running node test.dbt_project.not_null_my_first_dbt_model_id.5fb22c2710
[0m01:20:27.267365 [debug] [Thread-4 (]: Began running node test.dbt_project.check_negative_value_stg_order_item_quantity__True.4db97d20c2
[0m01:20:27.267870 [debug] [Thread-2 (]: Began executing node test.dbt_project.unique_my_first_dbt_model_id.16e066b321
[0m01:20:27.268648 [debug] [Thread-1 (]: Re-using an available connection from the pool (formerly model.dbt_project.stg_product, now test.dbt_project.check_negative_value_stg_order_item_price__True.1a65415612)
[0m01:20:27.269252 [debug] [Thread-3 (]: Began running node test.dbt_project.not_null_stg_order_item_id.8784a73ee2
[0m01:20:27.269867 [debug] [Thread-4 (]: Re-using an available connection from the pool (formerly model.dbt_project.my_second_dbt_model, now test.dbt_project.check_negative_value_stg_order_item_quantity__True.4db97d20c2)
[0m01:20:27.270705 [debug] [Thread-2 (]: Finished running node test.dbt_project.unique_my_first_dbt_model_id.16e066b321
[0m01:20:27.271254 [debug] [Thread-1 (]: Began compiling node test.dbt_project.check_negative_value_stg_order_item_price__True.1a65415612
[0m01:20:27.271815 [debug] [Thread-3 (]: Re-using an available connection from the pool (formerly test.dbt_project.not_null_my_first_dbt_model_id.5fb22c2710, now test.dbt_project.not_null_stg_order_item_id.8784a73ee2)
[0m01:20:27.272374 [debug] [Thread-4 (]: Began compiling node test.dbt_project.check_negative_value_stg_order_item_quantity__True.4db97d20c2
[0m01:20:27.272954 [debug] [Thread-2 (]: Began running node test.dbt_project.not_null_stg_order_item_order_id.9c73d52f92
[0m01:20:27.277211 [debug] [Thread-1 (]: DEBUG: Received column = price
[0m01:20:27.277867 [debug] [Thread-3 (]: Began compiling node test.dbt_project.not_null_stg_order_item_id.8784a73ee2
[0m01:20:27.282296 [debug] [Thread-4 (]: DEBUG: Received column = quantity
[0m01:20:27.282898 [debug] [Thread-2 (]: Re-using an available connection from the pool (formerly test.dbt_project.unique_my_first_dbt_model_id.16e066b321, now test.dbt_project.not_null_stg_order_item_order_id.9c73d52f92)
[0m01:20:27.283500 [debug] [Thread-1 (]: DEBUG: All positional args (varargs) = []
[0m01:20:27.287537 [debug] [Thread-3 (]: Writing injected SQL for node "test.dbt_project.not_null_stg_order_item_id.8784a73ee2"
[0m01:20:27.288167 [debug] [Thread-4 (]: DEBUG: All positional args (varargs) = []
[0m01:20:27.288826 [debug] [Thread-2 (]: Began compiling node test.dbt_project.not_null_stg_order_item_order_id.9c73d52f92
[0m01:20:27.289383 [debug] [Thread-1 (]: DEBUG: All keyword args (kwargs) = {'save_failures': True}
[0m01:20:27.290057 [debug] [Thread-4 (]: DEBUG: All keyword args (kwargs) = {'save_failures': True}
[0m01:20:27.294185 [debug] [Thread-2 (]: Writing injected SQL for node "test.dbt_project.not_null_stg_order_item_order_id.9c73d52f92"
[0m01:20:27.294723 [debug] [Thread-3 (]: Began executing node test.dbt_project.not_null_stg_order_item_id.8784a73ee2
[0m01:20:27.295378 [debug] [Thread-1 (]: Writing injected SQL for node "test.dbt_project.check_negative_value_stg_order_item_price__True.1a65415612"
[0m01:20:27.295970 [debug] [Thread-4 (]: Writing injected SQL for node "test.dbt_project.check_negative_value_stg_order_item_quantity__True.4db97d20c2"
[0m01:20:27.297025 [debug] [Thread-3 (]: Finished running node test.dbt_project.not_null_stg_order_item_id.8784a73ee2
[0m01:20:27.297623 [debug] [Thread-2 (]: Began executing node test.dbt_project.not_null_stg_order_item_order_id.9c73d52f92
[0m01:20:27.298558 [debug] [Thread-4 (]: Began executing node test.dbt_project.check_negative_value_stg_order_item_quantity__True.4db97d20c2
[0m01:20:27.299151 [debug] [Thread-1 (]: Began executing node test.dbt_project.check_negative_value_stg_order_item_price__True.1a65415612
[0m01:20:27.299708 [debug] [Thread-3 (]: Began running node test.dbt_project.not_null_stg_order_item_price.b6cd6a640e
[0m01:20:27.300608 [debug] [Thread-2 (]: Finished running node test.dbt_project.not_null_stg_order_item_order_id.9c73d52f92
[0m01:20:27.301457 [debug] [Thread-4 (]: Finished running node test.dbt_project.check_negative_value_stg_order_item_quantity__True.4db97d20c2
[0m01:20:27.302305 [debug] [Thread-1 (]: Finished running node test.dbt_project.check_negative_value_stg_order_item_price__True.1a65415612
[0m01:20:27.302856 [debug] [Thread-3 (]: Re-using an available connection from the pool (formerly test.dbt_project.not_null_stg_order_item_id.8784a73ee2, now test.dbt_project.not_null_stg_order_item_price.b6cd6a640e)
[0m01:20:27.303450 [debug] [Thread-2 (]: Began running node test.dbt_project.not_null_stg_order_item_product_id.2cc753c59c
[0m01:20:27.304062 [debug] [Thread-4 (]: Began running node test.dbt_project.not_null_stg_order_item_quantity.bdc33d5bd6
[0m01:20:27.304691 [debug] [Thread-1 (]: Began running node test.dbt_project.accepted_values_stg_order_delivery_status__pending__shipped__delivered__canceled.9ef133ebe4
[0m01:20:27.305307 [debug] [Thread-3 (]: Began compiling node test.dbt_project.not_null_stg_order_item_price.b6cd6a640e
[0m01:20:27.305862 [debug] [Thread-2 (]: Re-using an available connection from the pool (formerly test.dbt_project.not_null_stg_order_item_order_id.9c73d52f92, now test.dbt_project.not_null_stg_order_item_product_id.2cc753c59c)
[0m01:20:27.306441 [debug] [Thread-4 (]: Re-using an available connection from the pool (formerly test.dbt_project.check_negative_value_stg_order_item_quantity__True.4db97d20c2, now test.dbt_project.not_null_stg_order_item_quantity.bdc33d5bd6)
[0m01:20:27.306995 [debug] [Thread-1 (]: Re-using an available connection from the pool (formerly test.dbt_project.check_negative_value_stg_order_item_price__True.1a65415612, now test.dbt_project.accepted_values_stg_order_delivery_status__pending__shipped__delivered__canceled.9ef133ebe4)
[0m01:20:27.311039 [debug] [Thread-3 (]: Writing injected SQL for node "test.dbt_project.not_null_stg_order_item_price.b6cd6a640e"
[0m01:20:27.311653 [debug] [Thread-2 (]: Began compiling node test.dbt_project.not_null_stg_order_item_product_id.2cc753c59c
[0m01:20:27.312258 [debug] [Thread-4 (]: Began compiling node test.dbt_project.not_null_stg_order_item_quantity.bdc33d5bd6
[0m01:20:27.312801 [debug] [Thread-1 (]: Began compiling node test.dbt_project.accepted_values_stg_order_delivery_status__pending__shipped__delivered__canceled.9ef133ebe4
[0m01:20:27.316990 [debug] [Thread-2 (]: Writing injected SQL for node "test.dbt_project.not_null_stg_order_item_product_id.2cc753c59c"
[0m01:20:27.317626 [debug] [Thread-3 (]: Began executing node test.dbt_project.not_null_stg_order_item_price.b6cd6a640e
[0m01:20:27.321428 [debug] [Thread-4 (]: Writing injected SQL for node "test.dbt_project.not_null_stg_order_item_quantity.bdc33d5bd6"
[0m01:20:27.325609 [debug] [Thread-1 (]: Writing injected SQL for node "test.dbt_project.accepted_values_stg_order_delivery_status__pending__shipped__delivered__canceled.9ef133ebe4"
[0m01:20:27.326722 [debug] [Thread-3 (]: Finished running node test.dbt_project.not_null_stg_order_item_price.b6cd6a640e
[0m01:20:27.327432 [debug] [Thread-2 (]: Began executing node test.dbt_project.not_null_stg_order_item_product_id.2cc753c59c
[0m01:20:27.328094 [debug] [Thread-4 (]: Began executing node test.dbt_project.not_null_stg_order_item_quantity.bdc33d5bd6
[0m01:20:27.328808 [debug] [Thread-3 (]: Began running node test.dbt_project.check_negative_value_stg_order_amount.cb6e07704e
[0m01:20:27.329752 [debug] [Thread-2 (]: Finished running node test.dbt_project.not_null_stg_order_item_product_id.2cc753c59c
[0m01:20:27.330244 [debug] [Thread-1 (]: Began executing node test.dbt_project.accepted_values_stg_order_delivery_status__pending__shipped__delivered__canceled.9ef133ebe4
[0m01:20:27.331045 [debug] [Thread-4 (]: Finished running node test.dbt_project.not_null_stg_order_item_quantity.bdc33d5bd6
[0m01:20:27.331618 [debug] [Thread-3 (]: Re-using an available connection from the pool (formerly test.dbt_project.not_null_stg_order_item_price.b6cd6a640e, now test.dbt_project.check_negative_value_stg_order_amount.cb6e07704e)
[0m01:20:27.332201 [debug] [Thread-2 (]: Began running node test.dbt_project.not_null_stg_order_amount.ae9976a678
[0m01:20:27.333082 [debug] [Thread-1 (]: Finished running node test.dbt_project.accepted_values_stg_order_delivery_status__pending__shipped__delivered__canceled.9ef133ebe4
[0m01:20:27.333684 [debug] [Thread-4 (]: Began running node test.dbt_project.not_null_stg_order_customer_id.a9da515c11
[0m01:20:27.334267 [debug] [Thread-3 (]: Began compiling node test.dbt_project.check_negative_value_stg_order_amount.cb6e07704e
[0m01:20:27.334843 [debug] [Thread-2 (]: Re-using an available connection from the pool (formerly test.dbt_project.not_null_stg_order_item_product_id.2cc753c59c, now test.dbt_project.not_null_stg_order_amount.ae9976a678)
[0m01:20:27.335458 [debug] [Thread-1 (]: Began running node test.dbt_project.not_null_stg_order_delivery_status.86b3eb5ae4
[0m01:20:27.336059 [debug] [Thread-4 (]: Re-using an available connection from the pool (formerly test.dbt_project.not_null_stg_order_item_quantity.bdc33d5bd6, now test.dbt_project.not_null_stg_order_customer_id.a9da515c11)
[0m01:20:27.339911 [debug] [Thread-3 (]: DEBUG: Received column = amount
[0m01:20:27.340562 [debug] [Thread-2 (]: Began compiling node test.dbt_project.not_null_stg_order_amount.ae9976a678
[0m01:20:27.341273 [debug] [Thread-1 (]: Re-using an available connection from the pool (formerly test.dbt_project.accepted_values_stg_order_delivery_status__pending__shipped__delivered__canceled.9ef133ebe4, now test.dbt_project.not_null_stg_order_delivery_status.86b3eb5ae4)
[0m01:20:27.341850 [debug] [Thread-4 (]: Began compiling node test.dbt_project.not_null_stg_order_customer_id.a9da515c11
[0m01:20:27.342450 [debug] [Thread-3 (]: DEBUG: All positional args (varargs) = []
[0m01:20:27.348460 [debug] [Thread-2 (]: Writing injected SQL for node "test.dbt_project.not_null_stg_order_amount.ae9976a678"
[0m01:20:27.349082 [debug] [Thread-1 (]: Began compiling node test.dbt_project.not_null_stg_order_delivery_status.86b3eb5ae4
[0m01:20:27.353042 [debug] [Thread-4 (]: Writing injected SQL for node "test.dbt_project.not_null_stg_order_customer_id.a9da515c11"
[0m01:20:27.353691 [debug] [Thread-3 (]: DEBUG: All keyword args (kwargs) = {}
[0m01:20:27.357981 [debug] [Thread-1 (]: Writing injected SQL for node "test.dbt_project.not_null_stg_order_delivery_status.86b3eb5ae4"
[0m01:20:27.358703 [debug] [Thread-2 (]: Began executing node test.dbt_project.not_null_stg_order_amount.ae9976a678
[0m01:20:27.359416 [debug] [Thread-3 (]: Writing injected SQL for node "test.dbt_project.check_negative_value_stg_order_amount.cb6e07704e"
[0m01:20:27.360072 [debug] [Thread-4 (]: Began executing node test.dbt_project.not_null_stg_order_customer_id.a9da515c11
[0m01:20:27.361096 [debug] [Thread-2 (]: Finished running node test.dbt_project.not_null_stg_order_amount.ae9976a678
[0m01:20:27.361837 [debug] [Thread-1 (]: Began executing node test.dbt_project.not_null_stg_order_delivery_status.86b3eb5ae4
[0m01:20:27.362542 [debug] [Thread-3 (]: Began executing node test.dbt_project.check_negative_value_stg_order_amount.cb6e07704e
[0m01:20:27.363386 [debug] [Thread-4 (]: Finished running node test.dbt_project.not_null_stg_order_customer_id.a9da515c11
[0m01:20:27.364034 [debug] [Thread-2 (]: Began running node test.dbt_project.not_null_stg_order_id.ba6ac11f7f
[0m01:20:27.365261 [debug] [Thread-1 (]: Finished running node test.dbt_project.not_null_stg_order_delivery_status.86b3eb5ae4
[0m01:20:27.366116 [debug] [Thread-3 (]: Finished running node test.dbt_project.check_negative_value_stg_order_amount.cb6e07704e
[0m01:20:27.366717 [debug] [Thread-4 (]: Began running node test.dbt_project.not_null_stg_order_order_date.b307b53de2
[0m01:20:27.367369 [debug] [Thread-2 (]: Re-using an available connection from the pool (formerly test.dbt_project.not_null_stg_order_amount.ae9976a678, now test.dbt_project.not_null_stg_order_id.ba6ac11f7f)
[0m01:20:27.367985 [debug] [Thread-1 (]: Began running node test.dbt_project.relationships_stg_order_item_order_id__id__ref_stg_order_.a5b1048d46
[0m01:20:27.368666 [debug] [Thread-3 (]: Began running node test.dbt_project.email_validation_stg_customer_email.5d05098cf4
[0m01:20:27.369297 [debug] [Thread-4 (]: Re-using an available connection from the pool (formerly test.dbt_project.not_null_stg_order_customer_id.a9da515c11, now test.dbt_project.not_null_stg_order_order_date.b307b53de2)
[0m01:20:27.369867 [debug] [Thread-2 (]: Began compiling node test.dbt_project.not_null_stg_order_id.ba6ac11f7f
[0m01:20:27.370470 [debug] [Thread-1 (]: Re-using an available connection from the pool (formerly test.dbt_project.not_null_stg_order_delivery_status.86b3eb5ae4, now test.dbt_project.relationships_stg_order_item_order_id__id__ref_stg_order_.a5b1048d46)
[0m01:20:27.371029 [debug] [Thread-3 (]: Re-using an available connection from the pool (formerly test.dbt_project.check_negative_value_stg_order_amount.cb6e07704e, now test.dbt_project.email_validation_stg_customer_email.5d05098cf4)
[0m01:20:27.371642 [debug] [Thread-4 (]: Began compiling node test.dbt_project.not_null_stg_order_order_date.b307b53de2
[0m01:20:27.376208 [debug] [Thread-2 (]: Writing injected SQL for node "test.dbt_project.not_null_stg_order_id.ba6ac11f7f"
[0m01:20:27.376835 [debug] [Thread-1 (]: Began compiling node test.dbt_project.relationships_stg_order_item_order_id__id__ref_stg_order_.a5b1048d46
[0m01:20:27.377388 [debug] [Thread-3 (]: Began compiling node test.dbt_project.email_validation_stg_customer_email.5d05098cf4
[0m01:20:27.381524 [debug] [Thread-4 (]: Writing injected SQL for node "test.dbt_project.not_null_stg_order_order_date.b307b53de2"
[0m01:20:27.386704 [debug] [Thread-1 (]: Writing injected SQL for node "test.dbt_project.relationships_stg_order_item_order_id__id__ref_stg_order_.a5b1048d46"
[0m01:20:27.391443 [debug] [Thread-3 (]: Running email validation test on "dev"."staging"."stg_customer".email
[0m01:20:27.392038 [debug] [Thread-2 (]: Began executing node test.dbt_project.not_null_stg_order_id.ba6ac11f7f
[0m01:20:27.393072 [debug] [Thread-4 (]: Began executing node test.dbt_project.not_null_stg_order_order_date.b307b53de2
[0m01:20:27.393736 [debug] [Thread-1 (]: Began executing node test.dbt_project.relationships_stg_order_item_order_id__id__ref_stg_order_.a5b1048d46
[0m01:20:27.394370 [debug] [Thread-3 (]: Writing injected SQL for node "test.dbt_project.email_validation_stg_customer_email.5d05098cf4"
[0m01:20:27.395286 [debug] [Thread-2 (]: Finished running node test.dbt_project.not_null_stg_order_id.ba6ac11f7f
[0m01:20:27.396113 [debug] [Thread-4 (]: Finished running node test.dbt_project.not_null_stg_order_order_date.b307b53de2
[0m01:20:27.396944 [debug] [Thread-1 (]: Finished running node test.dbt_project.relationships_stg_order_item_order_id__id__ref_stg_order_.a5b1048d46
[0m01:20:27.397727 [debug] [Thread-2 (]: Began running node test.dbt_project.not_null_stg_customer_created_at.3cd4ebe46f
[0m01:20:27.398393 [debug] [Thread-3 (]: Began executing node test.dbt_project.email_validation_stg_customer_email.5d05098cf4
[0m01:20:27.398922 [debug] [Thread-4 (]: Began running node test.dbt_project.not_null_stg_customer_email.6b372ddf55
[0m01:20:27.399569 [debug] [Thread-1 (]: Began running node test.dbt_project.not_null_stg_customer_first_name.cd8dbd513f
[0m01:20:27.400188 [debug] [Thread-2 (]: Re-using an available connection from the pool (formerly test.dbt_project.not_null_stg_order_id.ba6ac11f7f, now test.dbt_project.not_null_stg_customer_created_at.3cd4ebe46f)
[0m01:20:27.401057 [debug] [Thread-3 (]: Finished running node test.dbt_project.email_validation_stg_customer_email.5d05098cf4
[0m01:20:27.401656 [debug] [Thread-4 (]: Re-using an available connection from the pool (formerly test.dbt_project.not_null_stg_order_order_date.b307b53de2, now test.dbt_project.not_null_stg_customer_email.6b372ddf55)
[0m01:20:27.402241 [debug] [Thread-1 (]: Re-using an available connection from the pool (formerly test.dbt_project.relationships_stg_order_item_order_id__id__ref_stg_order_.a5b1048d46, now test.dbt_project.not_null_stg_customer_first_name.cd8dbd513f)
[0m01:20:27.402797 [debug] [Thread-2 (]: Began compiling node test.dbt_project.not_null_stg_customer_created_at.3cd4ebe46f
[0m01:20:27.403400 [debug] [Thread-3 (]: Began running node test.dbt_project.not_null_stg_customer_id.1fe2201576
[0m01:20:27.403995 [debug] [Thread-4 (]: Began compiling node test.dbt_project.not_null_stg_customer_email.6b372ddf55
[0m01:20:27.404563 [debug] [Thread-1 (]: Began compiling node test.dbt_project.not_null_stg_customer_first_name.cd8dbd513f
[0m01:20:27.409018 [debug] [Thread-2 (]: Writing injected SQL for node "test.dbt_project.not_null_stg_customer_created_at.3cd4ebe46f"
[0m01:20:27.409710 [debug] [Thread-3 (]: Re-using an available connection from the pool (formerly test.dbt_project.email_validation_stg_customer_email.5d05098cf4, now test.dbt_project.not_null_stg_customer_id.1fe2201576)
[0m01:20:27.414054 [debug] [Thread-4 (]: Writing injected SQL for node "test.dbt_project.not_null_stg_customer_email.6b372ddf55"
[0m01:20:27.418339 [debug] [Thread-1 (]: Writing injected SQL for node "test.dbt_project.not_null_stg_customer_first_name.cd8dbd513f"
[0m01:20:27.419262 [debug] [Thread-3 (]: Began compiling node test.dbt_project.not_null_stg_customer_id.1fe2201576
[0m01:20:27.420356 [debug] [Thread-2 (]: Began executing node test.dbt_project.not_null_stg_customer_created_at.3cd4ebe46f
[0m01:20:27.421031 [debug] [Thread-4 (]: Began executing node test.dbt_project.not_null_stg_customer_email.6b372ddf55
[0m01:20:27.421667 [debug] [Thread-1 (]: Began executing node test.dbt_project.not_null_stg_customer_first_name.cd8dbd513f
[0m01:20:27.428240 [debug] [Thread-3 (]: Writing injected SQL for node "test.dbt_project.not_null_stg_customer_id.1fe2201576"
[0m01:20:27.429133 [debug] [Thread-2 (]: Finished running node test.dbt_project.not_null_stg_customer_created_at.3cd4ebe46f
[0m01:20:27.430025 [debug] [Thread-4 (]: Finished running node test.dbt_project.not_null_stg_customer_email.6b372ddf55
[0m01:20:27.430912 [debug] [Thread-1 (]: Finished running node test.dbt_project.not_null_stg_customer_first_name.cd8dbd513f
[0m01:20:27.431713 [debug] [Thread-2 (]: Began running node test.dbt_project.not_null_stg_customer_last_name.2e1ba8a1e2
[0m01:20:27.432531 [debug] [Thread-3 (]: Began executing node test.dbt_project.not_null_stg_customer_id.1fe2201576
[0m01:20:27.433040 [debug] [Thread-4 (]: Began running node test.dbt_project.not_null_stg_customer_phone_number.108483d5b9
[0m01:20:27.433716 [debug] [Thread-1 (]: Began running node test.dbt_project.phone_number_test
[0m01:20:27.434363 [debug] [Thread-2 (]: Re-using an available connection from the pool (formerly test.dbt_project.not_null_stg_customer_created_at.3cd4ebe46f, now test.dbt_project.not_null_stg_customer_last_name.2e1ba8a1e2)
[0m01:20:27.435198 [debug] [Thread-3 (]: Finished running node test.dbt_project.not_null_stg_customer_id.1fe2201576
[0m01:20:27.435798 [debug] [Thread-4 (]: Re-using an available connection from the pool (formerly test.dbt_project.not_null_stg_customer_email.6b372ddf55, now test.dbt_project.not_null_stg_customer_phone_number.108483d5b9)
[0m01:20:27.436374 [debug] [Thread-1 (]: Re-using an available connection from the pool (formerly test.dbt_project.not_null_stg_customer_first_name.cd8dbd513f, now test.dbt_project.phone_number_test)
[0m01:20:27.436922 [debug] [Thread-2 (]: Began compiling node test.dbt_project.not_null_stg_customer_last_name.2e1ba8a1e2
[0m01:20:27.437527 [debug] [Thread-3 (]: Began running node test.dbt_project.relationships_stg_order_customer_id__id__ref_stg_customer_.ecb06ab531
[0m01:20:27.438111 [debug] [Thread-4 (]: Began compiling node test.dbt_project.not_null_stg_customer_phone_number.108483d5b9
[0m01:20:27.438680 [debug] [Thread-1 (]: Began compiling node test.dbt_project.phone_number_test
[0m01:20:27.443096 [debug] [Thread-2 (]: Writing injected SQL for node "test.dbt_project.not_null_stg_customer_last_name.2e1ba8a1e2"
[0m01:20:27.443772 [debug] [Thread-3 (]: Re-using an available connection from the pool (formerly test.dbt_project.not_null_stg_customer_id.1fe2201576, now test.dbt_project.relationships_stg_order_customer_id__id__ref_stg_customer_.ecb06ab531)
[0m01:20:27.448036 [debug] [Thread-4 (]: Writing injected SQL for node "test.dbt_project.not_null_stg_customer_phone_number.108483d5b9"
[0m01:20:27.451545 [debug] [Thread-1 (]: Writing injected SQL for node "test.dbt_project.phone_number_test"
[0m01:20:27.452418 [debug] [Thread-3 (]: Began compiling node test.dbt_project.relationships_stg_order_customer_id__id__ref_stg_customer_.ecb06ab531
[0m01:20:27.453177 [debug] [Thread-2 (]: Began executing node test.dbt_project.not_null_stg_customer_last_name.2e1ba8a1e2
[0m01:20:27.454082 [debug] [Thread-4 (]: Began executing node test.dbt_project.not_null_stg_customer_phone_number.108483d5b9
[0m01:20:27.459122 [debug] [Thread-3 (]: Writing injected SQL for node "test.dbt_project.relationships_stg_order_customer_id__id__ref_stg_customer_.ecb06ab531"
[0m01:20:27.459707 [debug] [Thread-1 (]: Began executing node test.dbt_project.phone_number_test
[0m01:20:27.460714 [debug] [Thread-2 (]: Finished running node test.dbt_project.not_null_stg_customer_last_name.2e1ba8a1e2
[0m01:20:27.461563 [debug] [Thread-4 (]: Finished running node test.dbt_project.not_null_stg_customer_phone_number.108483d5b9
[0m01:20:27.462593 [debug] [Thread-1 (]: Finished running node test.dbt_project.phone_number_test
[0m01:20:27.463205 [debug] [Thread-3 (]: Began executing node test.dbt_project.relationships_stg_order_customer_id__id__ref_stg_customer_.ecb06ab531
[0m01:20:27.463779 [debug] [Thread-2 (]: Began running node test.dbt_project.unique_stg_customer_email.85df5cee88
[0m01:20:27.464408 [debug] [Thread-4 (]: Began running node test.dbt_project.unique_stg_customer_id.359a723c10
[0m01:20:27.465034 [debug] [Thread-1 (]: Began running node test.dbt_project.check_negative_value_stg_product_price__True.601937737e
[0m01:20:27.465939 [debug] [Thread-3 (]: Finished running node test.dbt_project.relationships_stg_order_customer_id__id__ref_stg_customer_.ecb06ab531
[0m01:20:27.466531 [debug] [Thread-2 (]: Re-using an available connection from the pool (formerly test.dbt_project.not_null_stg_customer_last_name.2e1ba8a1e2, now test.dbt_project.unique_stg_customer_email.85df5cee88)
[0m01:20:27.467334 [debug] [Thread-4 (]: Re-using an available connection from the pool (formerly test.dbt_project.not_null_stg_customer_phone_number.108483d5b9, now test.dbt_project.unique_stg_customer_id.359a723c10)
[0m01:20:27.467895 [debug] [Thread-1 (]: Re-using an available connection from the pool (formerly test.dbt_project.phone_number_test, now test.dbt_project.check_negative_value_stg_product_price__True.601937737e)
[0m01:20:27.468503 [debug] [Thread-3 (]: Began running node test.dbt_project.check_negative_value_stg_product_stock_quantity__True.b40f82886a
[0m01:20:27.469077 [debug] [Thread-2 (]: Began compiling node test.dbt_project.unique_stg_customer_email.85df5cee88
[0m01:20:27.469648 [debug] [Thread-4 (]: Began compiling node test.dbt_project.unique_stg_customer_id.359a723c10
[0m01:20:27.470193 [debug] [Thread-1 (]: Began compiling node test.dbt_project.check_negative_value_stg_product_price__True.601937737e
[0m01:20:27.470780 [debug] [Thread-3 (]: Re-using an available connection from the pool (formerly test.dbt_project.relationships_stg_order_customer_id__id__ref_stg_customer_.ecb06ab531, now test.dbt_project.check_negative_value_stg_product_stock_quantity__True.b40f82886a)
[0m01:20:27.475035 [debug] [Thread-2 (]: Writing injected SQL for node "test.dbt_project.unique_stg_customer_email.85df5cee88"
[0m01:20:27.479161 [debug] [Thread-4 (]: Writing injected SQL for node "test.dbt_project.unique_stg_customer_id.359a723c10"
[0m01:20:27.483481 [debug] [Thread-1 (]: DEBUG: Received column = price
[0m01:20:27.484157 [debug] [Thread-3 (]: Began compiling node test.dbt_project.check_negative_value_stg_product_stock_quantity__True.b40f82886a
[0m01:20:27.485349 [debug] [Thread-1 (]: DEBUG: All positional args (varargs) = []
[0m01:20:27.486029 [debug] [Thread-4 (]: Began executing node test.dbt_project.unique_stg_customer_id.359a723c10
[0m01:20:27.490622 [debug] [Thread-3 (]: DEBUG: Received column = stock_quantity
[0m01:20:27.491168 [debug] [Thread-2 (]: Began executing node test.dbt_project.unique_stg_customer_email.85df5cee88
[0m01:20:27.491873 [debug] [Thread-1 (]: DEBUG: All keyword args (kwargs) = {'save_failures': True}
[0m01:20:27.492784 [debug] [Thread-4 (]: Finished running node test.dbt_project.unique_stg_customer_id.359a723c10
[0m01:20:27.493370 [debug] [Thread-3 (]: DEBUG: All positional args (varargs) = []
[0m01:20:27.494249 [debug] [Thread-2 (]: Finished running node test.dbt_project.unique_stg_customer_email.85df5cee88
[0m01:20:27.494913 [debug] [Thread-1 (]: Writing injected SQL for node "test.dbt_project.check_negative_value_stg_product_price__True.601937737e"
[0m01:20:27.495538 [debug] [Thread-4 (]: Began running node test.dbt_project.not_null_stg_product_category.94730da807
[0m01:20:27.496123 [debug] [Thread-3 (]: DEBUG: All keyword args (kwargs) = {'save_failures': True}
[0m01:20:27.496758 [debug] [Thread-2 (]: Began running node test.dbt_project.not_null_stg_product_id.c8af8be184
[0m01:20:27.497563 [debug] [Thread-4 (]: Re-using an available connection from the pool (formerly test.dbt_project.unique_stg_customer_id.359a723c10, now test.dbt_project.not_null_stg_product_category.94730da807)
[0m01:20:27.498246 [debug] [Thread-1 (]: Began executing node test.dbt_project.check_negative_value_stg_product_price__True.601937737e
[0m01:20:27.498819 [debug] [Thread-3 (]: Writing injected SQL for node "test.dbt_project.check_negative_value_stg_product_stock_quantity__True.b40f82886a"
[0m01:20:27.499415 [debug] [Thread-2 (]: Re-using an available connection from the pool (formerly test.dbt_project.unique_stg_customer_email.85df5cee88, now test.dbt_project.not_null_stg_product_id.c8af8be184)
[0m01:20:27.499965 [debug] [Thread-4 (]: Began compiling node test.dbt_project.not_null_stg_product_category.94730da807
[0m01:20:27.500814 [debug] [Thread-1 (]: Finished running node test.dbt_project.check_negative_value_stg_product_price__True.601937737e
[0m01:20:27.501526 [debug] [Thread-2 (]: Began compiling node test.dbt_project.not_null_stg_product_id.c8af8be184
[0m01:20:27.502196 [debug] [Thread-3 (]: Began executing node test.dbt_project.check_negative_value_stg_product_stock_quantity__True.b40f82886a
[0m01:20:27.506597 [debug] [Thread-4 (]: Writing injected SQL for node "test.dbt_project.not_null_stg_product_category.94730da807"
[0m01:20:27.507361 [debug] [Thread-1 (]: Began running node test.dbt_project.not_null_stg_product_price.680608ca91
[0m01:20:27.511756 [debug] [Thread-2 (]: Writing injected SQL for node "test.dbt_project.not_null_stg_product_id.c8af8be184"
[0m01:20:27.512813 [debug] [Thread-3 (]: Finished running node test.dbt_project.check_negative_value_stg_product_stock_quantity__True.b40f82886a
[0m01:20:27.513652 [debug] [Thread-1 (]: Re-using an available connection from the pool (formerly test.dbt_project.check_negative_value_stg_product_price__True.601937737e, now test.dbt_project.not_null_stg_product_price.680608ca91)
[0m01:20:27.514519 [debug] [Thread-3 (]: Began running node test.dbt_project.not_null_stg_product_product_name.f18866185e
[0m01:20:27.515042 [debug] [Thread-4 (]: Began executing node test.dbt_project.not_null_stg_product_category.94730da807
[0m01:20:27.515551 [debug] [Thread-2 (]: Began executing node test.dbt_project.not_null_stg_product_id.c8af8be184
[0m01:20:27.516137 [debug] [Thread-1 (]: Began compiling node test.dbt_project.not_null_stg_product_price.680608ca91
[0m01:20:27.516748 [debug] [Thread-3 (]: Re-using an available connection from the pool (formerly test.dbt_project.check_negative_value_stg_product_stock_quantity__True.b40f82886a, now test.dbt_project.not_null_stg_product_product_name.f18866185e)
[0m01:20:27.520298 [debug] [Thread-4 (]: Finished running node test.dbt_project.not_null_stg_product_category.94730da807
[0m01:20:27.521330 [debug] [Thread-2 (]: Finished running node test.dbt_project.not_null_stg_product_id.c8af8be184
[0m01:20:27.525551 [debug] [Thread-1 (]: Writing injected SQL for node "test.dbt_project.not_null_stg_product_price.680608ca91"
[0m01:20:27.526207 [debug] [Thread-3 (]: Began compiling node test.dbt_project.not_null_stg_product_product_name.f18866185e
[0m01:20:27.526871 [debug] [Thread-4 (]: Began running node test.dbt_project.not_null_stg_product_stock_quantity.b60065cd5a
[0m01:20:27.527525 [debug] [Thread-2 (]: Began running node test.dbt_project.relationships_stg_order_item_product_id__id__ref_stg_product_.191d43b73a
[0m01:20:27.531850 [debug] [Thread-3 (]: Writing injected SQL for node "test.dbt_project.not_null_stg_product_product_name.f18866185e"
[0m01:20:27.532556 [debug] [Thread-1 (]: Began executing node test.dbt_project.not_null_stg_product_price.680608ca91
[0m01:20:27.533181 [debug] [Thread-4 (]: Re-using an available connection from the pool (formerly test.dbt_project.not_null_stg_product_category.94730da807, now test.dbt_project.not_null_stg_product_stock_quantity.b60065cd5a)
[0m01:20:27.533792 [debug] [Thread-2 (]: Re-using an available connection from the pool (formerly test.dbt_project.not_null_stg_product_id.c8af8be184, now test.dbt_project.relationships_stg_order_item_product_id__id__ref_stg_product_.191d43b73a)
[0m01:20:27.534828 [debug] [Thread-1 (]: Finished running node test.dbt_project.not_null_stg_product_price.680608ca91
[0m01:20:27.535409 [debug] [Thread-4 (]: Began compiling node test.dbt_project.not_null_stg_product_stock_quantity.b60065cd5a
[0m01:20:27.535919 [debug] [Thread-3 (]: Began executing node test.dbt_project.not_null_stg_product_product_name.f18866185e
[0m01:20:27.536498 [debug] [Thread-2 (]: Began compiling node test.dbt_project.relationships_stg_order_item_product_id__id__ref_stg_product_.191d43b73a
[0m01:20:27.537085 [debug] [Thread-1 (]: Began running node test.dbt_project.unique_stg_product_id.11fd6e8465
[0m01:20:27.541211 [debug] [Thread-4 (]: Writing injected SQL for node "test.dbt_project.not_null_stg_product_stock_quantity.b60065cd5a"
[0m01:20:27.542111 [debug] [Thread-3 (]: Finished running node test.dbt_project.not_null_stg_product_product_name.f18866185e
[0m01:20:27.546978 [debug] [Thread-2 (]: Writing injected SQL for node "test.dbt_project.relationships_stg_order_item_product_id__id__ref_stg_product_.191d43b73a"
[0m01:20:27.547666 [debug] [Thread-1 (]: Re-using an available connection from the pool (formerly test.dbt_project.not_null_stg_product_price.680608ca91, now test.dbt_project.unique_stg_product_id.11fd6e8465)
[0m01:20:27.548447 [debug] [Thread-3 (]: Began running node test.dbt_project.not_null_my_second_dbt_model_id.151b76d778
[0m01:20:27.549151 [debug] [Thread-4 (]: Began executing node test.dbt_project.not_null_stg_product_stock_quantity.b60065cd5a
[0m01:20:27.549846 [debug] [Thread-1 (]: Began compiling node test.dbt_project.unique_stg_product_id.11fd6e8465
[0m01:20:27.550479 [debug] [Thread-3 (]: Re-using an available connection from the pool (formerly test.dbt_project.not_null_stg_product_product_name.f18866185e, now test.dbt_project.not_null_my_second_dbt_model_id.151b76d778)
[0m01:20:27.551072 [debug] [Thread-2 (]: Began executing node test.dbt_project.relationships_stg_order_item_product_id__id__ref_stg_product_.191d43b73a
[0m01:20:27.551941 [debug] [Thread-4 (]: Finished running node test.dbt_project.not_null_stg_product_stock_quantity.b60065cd5a
[0m01:20:27.556277 [debug] [Thread-1 (]: Writing injected SQL for node "test.dbt_project.unique_stg_product_id.11fd6e8465"
[0m01:20:27.556902 [debug] [Thread-3 (]: Began compiling node test.dbt_project.not_null_my_second_dbt_model_id.151b76d778
[0m01:20:27.557883 [debug] [Thread-2 (]: Finished running node test.dbt_project.relationships_stg_order_item_product_id__id__ref_stg_product_.191d43b73a
[0m01:20:27.558476 [debug] [Thread-4 (]: Began running node test.dbt_project.unique_my_second_dbt_model_id.57a0f8c493
[0m01:20:27.562833 [debug] [Thread-3 (]: Writing injected SQL for node "test.dbt_project.not_null_my_second_dbt_model_id.151b76d778"
[0m01:20:27.563581 [debug] [Thread-1 (]: Began executing node test.dbt_project.unique_stg_product_id.11fd6e8465
[0m01:20:27.564397 [debug] [Thread-4 (]: Re-using an available connection from the pool (formerly test.dbt_project.not_null_stg_product_stock_quantity.b60065cd5a, now test.dbt_project.unique_my_second_dbt_model_id.57a0f8c493)
[0m01:20:27.565420 [debug] [Thread-1 (]: Finished running node test.dbt_project.unique_stg_product_id.11fd6e8465
[0m01:20:27.566042 [debug] [Thread-4 (]: Began compiling node test.dbt_project.unique_my_second_dbt_model_id.57a0f8c493
[0m01:20:27.566562 [debug] [Thread-3 (]: Began executing node test.dbt_project.not_null_my_second_dbt_model_id.151b76d778
[0m01:20:27.570778 [debug] [Thread-4 (]: Writing injected SQL for node "test.dbt_project.unique_my_second_dbt_model_id.57a0f8c493"
[0m01:20:27.571664 [debug] [Thread-3 (]: Finished running node test.dbt_project.not_null_my_second_dbt_model_id.151b76d778
[0m01:20:27.572488 [debug] [Thread-4 (]: Began executing node test.dbt_project.unique_my_second_dbt_model_id.57a0f8c493
[0m01:20:27.573338 [debug] [Thread-4 (]: Finished running node test.dbt_project.unique_my_second_dbt_model_id.57a0f8c493
[0m01:20:27.574953 [debug] [MainThread]: Connection 'master' was properly closed.
[0m01:20:27.575482 [debug] [MainThread]: Connection 'test.dbt_project.not_null_my_second_dbt_model_id.151b76d778' was properly closed.
[0m01:20:27.575927 [debug] [MainThread]: Connection 'test.dbt_project.relationships_stg_order_item_product_id__id__ref_stg_product_.191d43b73a' was properly closed.
[0m01:20:27.576378 [debug] [MainThread]: Connection 'test.dbt_project.unique_stg_product_id.11fd6e8465' was properly closed.
[0m01:20:27.576801 [debug] [MainThread]: Connection 'test.dbt_project.unique_my_second_dbt_model_id.57a0f8c493' was properly closed.
[0m01:20:27.583797 [debug] [MainThread]: Command end result
[0m01:20:27.786645 [debug] [MainThread]: Wrote artifact WritableManifest to /workspaces/dbt-analytics-incremental-dd/dbt-transform/dbt_project/target/manifest.json
[0m01:20:27.788924 [debug] [MainThread]: Wrote artifact SemanticManifest to /workspaces/dbt-analytics-incremental-dd/dbt-transform/dbt_project/target/semantic_manifest.json
[0m01:20:27.797085 [debug] [MainThread]: Wrote artifact RunExecutionResult to /workspaces/dbt-analytics-incremental-dd/dbt-transform/dbt_project/target/run_results.json
[0m01:20:27.799294 [debug] [MainThread]: Acquiring new duckdb connection 'generate_catalog'
[0m01:20:27.799721 [info ] [MainThread]: Building catalog
[0m01:20:27.811410 [debug] [ThreadPool]: Acquiring new duckdb connection 'dev.information_schema'
[0m01:20:27.818390 [debug] [ThreadPool]: Using duckdb connection "dev.information_schema"
[0m01:20:27.819045 [debug] [ThreadPool]: On dev.information_schema: BEGIN
[0m01:20:27.819527 [debug] [ThreadPool]: Opening a new connection, currently in state init
[0m01:20:27.820562 [debug] [ThreadPool]: SQL status: OK in 0.001 seconds
[0m01:20:27.821020 [debug] [ThreadPool]: Using duckdb connection "dev.information_schema"
[0m01:20:27.821545 [debug] [ThreadPool]: On dev.information_schema: /* {"app": "dbt", "dbt_version": "1.11.2", "profile_name": "dbt-connection", "target_name": "dev", "connection_name": "dev.information_schema"} */
with relations AS (
      select
        t.table_name
        , t.database_name
        , t.schema_name
        , 'BASE TABLE' as table_type
        , t.comment as table_comment
      from duckdb_tables() t
      WHERE t.database_name = 'dev'
      UNION ALL
      SELECT v.view_name as table_name
      , v.database_name
      , v.schema_name
      , 'VIEW' as table_type
      , v.comment as table_comment
      from duckdb_views() v
      WHERE v.database_name = 'dev'
    )
    select
        'dev' as table_database,
        r.schema_name as table_schema,
        r.table_name,
        r.table_type,
        r.table_comment,
        c.column_name,
        c.column_index as column_index,
        c.data_type as column_type,
        c.comment as column_comment,
        NULL as table_owner
    FROM relations r JOIN duckdb_columns() c ON r.schema_name = c.schema_name AND r.table_name = c.table_name
    WHERE (upper(r.schema_name) = upper('raw') or upper(r.schema_name) = upper('staging') or upper(r.schema_name) = upper('testing') or upper(r.schema_name) = upper('dbt_transform'))
    ORDER BY
        r.schema_name,
        r.table_name,
        c.column_index
[0m01:20:27.827550 [debug] [ThreadPool]: SQL status: OK in 0.005 seconds
[0m01:20:27.829914 [debug] [ThreadPool]: On dev.information_schema: ROLLBACK
[0m01:20:27.831025 [debug] [ThreadPool]: Failed to rollback 'dev.information_schema'
[0m01:20:27.831513 [debug] [ThreadPool]: On dev.information_schema: Close
[0m01:20:27.836412 [debug] [MainThread]: Wrote artifact CatalogArtifact to /workspaces/dbt-analytics-incremental-dd/dbt-transform/dbt_project/target/catalog.json
[0m01:20:27.867488 [debug] [MainThread]: Wrote artifact WritableManifest to /workspaces/dbt-analytics-incremental-dd/dbt-transform/dbt_project/target/manifest.json
[0m01:20:27.869719 [debug] [MainThread]: Wrote artifact SemanticManifest to /workspaces/dbt-analytics-incremental-dd/dbt-transform/dbt_project/target/semantic_manifest.json
[0m01:20:27.870212 [info ] [MainThread]: Catalog written to /workspaces/dbt-analytics-incremental-dd/dbt-transform/dbt_project/target/catalog.json
[0m01:20:27.871543 [debug] [MainThread]: Resource report: {"command_name": "generate", "command_success": true, "command_wall_clock_time": 3.124958, "process_in_blocks": "0", "process_kernel_time": 0.328843, "process_mem_max_rss": "182536", "process_out_blocks": "7584", "process_user_time": 4.471878}
[0m01:20:27.872240 [debug] [MainThread]: Command `dbt docs generate` succeeded at 01:20:27.872107 after 3.13 seconds
[0m01:20:27.872719 [debug] [MainThread]: Connection 'generate_catalog' was properly closed.
[0m01:20:27.873137 [debug] [MainThread]: Connection 'dev.information_schema' was properly closed.
[0m01:20:27.873623 [debug] [MainThread]: Flushing usage events
